<?xml version="1.0" encoding="UTF-8"?>
<!-- Generated by org.testng.reporters.JUnitReportReporter -->
<testsuite skipped="0" hostname="Ajinkya" name="com.ajay.java.TestNG.RunTestsThroughXmlFile" tests="2" failures="0" timestamp="14 Dec 2019 13:35:59 GMT" time="0.042" errors="0">
  <testcase name="test2" time="0.003" classname="com.ajay.java.TestNG.RunTestsThroughXmlFile"/>
  <testcase name="test1" time="0.039" classname="com.ajay.java.TestNG.RunTestsThroughXmlFile"/>
</testsuite> <!-- com.ajay.java.TestNG.RunTestsThroughXmlFile -->
