<?xml version="1.0" encoding="UTF-8"?>
<!-- Generated by org.testng.reporters.JUnitReportReporter -->
<testsuite skipped="0" hostname="Ajinkya" name="com.ajay.java.TestNG.ParameterInTestNG" tests="1" failures="0" timestamp="14 Dec 2019 14:23:17 GMT" time="0.012" errors="0">
  <testcase name="test" time="0.012" classname="com.ajay.java.TestNG.ParameterInTestNG"/>
</testsuite> <!-- com.ajay.java.TestNG.ParameterInTestNG -->
