<?xml version="1.0" encoding="UTF-8"?>
<!-- Generated by org.testng.reporters.JUnitReportReporter -->
<testsuite skipped="0" hostname="Ajinkya" name="com.ajay.java.TestNG.GropupingInTestNG" tests="1" failures="0" timestamp="14 Dec 2019 14:05:02 GMT" time="0.014" errors="0">
  <testcase name="test3" time="0.014" classname="com.ajay.java.TestNG.GropupingInTestNG"/>
</testsuite> <!-- com.ajay.java.TestNG.GropupingInTestNG -->
