<?xml version="1.0" encoding="UTF-8"?>
<!-- Generated by org.testng.reporters.JUnitReportReporter -->
<testsuite skipped="0" hostname="Ajinkya" name="com.ajay.java.TestNG.ListnerTestNG" tests="4" failures="0" timestamp="14 Dec 2019 16:04:21 GMT" time="0.009" errors="0">
  <testcase name="test" time="0.003" classname="com.ajay.java.TestNG.ListnerTestNG"/>
  <testcase name="test" time="0.002" classname="com.ajay.java.TestNG.ListnerTestNG"/>
  <testcase name="test" time="0.002" classname="com.ajay.java.TestNG.ListnerTestNG"/>
  <testcase name="test" time="0.002" classname="com.ajay.java.TestNG.ListnerTestNG"/>
</testsuite> <!-- com.ajay.java.TestNG.ListnerTestNG -->
