<?xml version="1.0" encoding="UTF-8"?>
<!-- Generated by org.testng.reporters.JUnitReportReporter -->
<testsuite skipped="1" hostname="Ajinkya" name="com.ajay.java.TestNG.DataProviderInTestNG" tests="6" failures="0" timestamp="14 Dec 2019 13:42:26 GMT" time="0.049" errors="0">
  <testcase name="test1" time="0.006" classname="com.ajay.java.TestNG.DataProviderInTestNG"/>
  <testcase name="test" time="0.006" classname="com.ajay.java.TestNG.DataProviderInTestNG"/>
  <testcase name="test" time="0.027" classname="com.ajay.java.TestNG.DataProviderInTestNG"/>
  <testcase name="test1" time="0.004" classname="com.ajay.java.TestNG.DataProviderInTestNG"/>
  <testcase name="test4" time="0.000" classname="com.ajay.java.TestNG.DataProviderInTestNG">
    <skipped/>
  </testcase> <!-- test4 -->
  <testcase name="test1" time="0.006" classname="com.ajay.java.TestNG.DataProviderInTestNG"/>
</testsuite> <!-- com.ajay.java.TestNG.DataProviderInTestNG -->
